<?xml version="1.0" encoding="UTF-8"?>
<!-- Generated by org.testng.reporters.JUnitXMLReporter -->
<testsuite ignored="0" hostname="DESKTOP-H0PI4DT" failures="0" tests="4" name="Test" time="39.568" errors="0" timestamp="2023-05-25T13:27:35 IST">
  <testcase classname="ddtExample.NOPCommDDT" name="verifyLoginWithInValidCredentials" time="7.883"/>
  <testcase classname="ddtExample.NOPCommDDT" name="verifyLoginWithInValidCredentials" time="6.905"/>
  <testcase classname="ddtExample.NOPCommDDT" name="verifyLoginWithInValidCredentials" time="6.954"/>
  <testcase classname="ddtExample.NOPCommDDT" name="verifyLoginWithInValidCredentials" time="6.861"/>
</testsuite> <!-- Test -->
